2018-01-05 18:03:05,338 INFO o.a.j.u.JMeterUtils: Setting Locale to en_US
2018-01-05 18:03:05,349 INFO o.a.j.JMeter: Loading user properties from: /usr/local/Cellar/jmeter/3.3/libexec/bin/user.properties
2018-01-05 18:03:05,349 INFO o.a.j.JMeter: Loading system properties from: /usr/local/Cellar/jmeter/3.3/libexec/bin/system.properties
2018-01-05 18:03:05,353 INFO o.a.j.JMeter: Copyright (c) 1998-2017 The Apache Software Foundation
2018-01-05 18:03:05,353 INFO o.a.j.JMeter: Version 3.3 r1808647
2018-01-05 18:03:05,354 INFO o.a.j.JMeter: java.version=1.8.0_144
2018-01-05 18:03:05,354 INFO o.a.j.JMeter: java.vm.name=Java HotSpot(TM) 64-Bit Server VM
2018-01-05 18:03:05,354 INFO o.a.j.JMeter: os.name=Mac OS X
2018-01-05 18:03:05,354 INFO o.a.j.JMeter: os.arch=x86_64
2018-01-05 18:03:05,354 INFO o.a.j.JMeter: os.version=10.12.6
2018-01-05 18:03:05,354 INFO o.a.j.JMeter: file.encoding=US-ASCII
2018-01-05 18:03:05,354 INFO o.a.j.JMeter: Max memory     =536870912
2018-01-05 18:03:05,354 INFO o.a.j.JMeter: Available Processors =8
2018-01-05 18:03:05,358 INFO o.a.j.JMeter: Default Locale=English (United States)
2018-01-05 18:03:05,358 INFO o.a.j.JMeter: JMeter  Locale=English (United States)
2018-01-05 18:03:05,358 INFO o.a.j.JMeter: JMeterHome=/usr/local/Cellar/jmeter/3.3/libexec
2018-01-05 18:03:05,358 INFO o.a.j.JMeter: user.dir  =/Users/mariusz/Documents/IdeaProjects/load-test
2018-01-05 18:03:05,358 INFO o.a.j.JMeter: PWD       =/Users/mariusz/Documents/IdeaProjects/load-test
2018-01-05 18:03:10,438 INFO o.a.j.JMeter: IP: 192.168.1.100 Name: Mariusz-Sz-MacBook-Pro.local FullName: 192.168.1.100
2018-01-05 18:03:10,443 INFO o.a.j.s.FileServer: Default base='/Users/mariusz/Documents/IdeaProjects/load-test'
2018-01-05 18:03:10,443 INFO o.a.j.s.FileServer: Set new base='/Users/mariusz/Documents/IdeaProjects/load-test/target/classes'
2018-01-05 18:03:10,558 INFO o.a.j.s.SaveService: Testplan (JMX) version: 2.2. Testlog (JTL) version: 2.2
2018-01-05 18:03:10,572 INFO o.a.j.s.SaveService: Using SaveService properties file encoding UTF-8
2018-01-05 18:03:10,576 INFO o.a.j.s.SaveService: Using SaveService properties version 3.2
2018-01-05 18:03:10,581 INFO o.a.j.s.SaveService: Loading file: /Users/mariusz/Documents/IdeaProjects/load-test/target/classes/load_test_2.jmx
2018-01-05 18:03:10,629 INFO o.a.j.p.h.s.HTTPSamplerBase: Parser for text/html is org.apache.jmeter.protocol.http.parser.LagartoBasedHtmlParser
2018-01-05 18:03:10,629 INFO o.a.j.p.h.s.HTTPSamplerBase: Parser for application/xhtml+xml is org.apache.jmeter.protocol.http.parser.LagartoBasedHtmlParser
2018-01-05 18:03:10,629 INFO o.a.j.p.h.s.HTTPSamplerBase: Parser for application/xml is org.apache.jmeter.protocol.http.parser.LagartoBasedHtmlParser
2018-01-05 18:03:10,630 INFO o.a.j.p.h.s.HTTPSamplerBase: Parser for text/xml is org.apache.jmeter.protocol.http.parser.LagartoBasedHtmlParser
2018-01-05 18:03:10,630 INFO o.a.j.p.h.s.HTTPSamplerBase: Parser for text/vnd.wap.wml is org.apache.jmeter.protocol.http.parser.RegexpHTMLParser
2018-01-05 18:03:10,630 INFO o.a.j.p.h.s.HTTPSamplerBase: Parser for text/css is org.apache.jmeter.protocol.http.parser.CssParser
2018-01-05 18:03:10,676 INFO o.a.j.JMeter: Creating summariser <summary>
2018-01-05 18:03:10,681 INFO o.a.j.e.StandardJMeterEngine: Running the test!
2018-01-05 18:03:10,682 INFO o.a.j.s.SampleEvent: List of sample_variables: []
2018-01-05 18:03:10,682 INFO o.a.j.s.SampleEvent: List of sample_variables: []
2018-01-05 18:03:10,686 INFO o.a.j.e.u.CompoundVariable: Note: Function class names must contain the string: '.functions.'
2018-01-05 18:03:10,687 INFO o.a.j.e.u.CompoundVariable: Note: Function class names must not contain the string: '.gui.'
2018-01-05 18:03:10,978 INFO o.a.j.JMeter: Running test (1515171790978)
2018-01-05 18:03:11,009 INFO o.a.j.e.StandardJMeterEngine: Starting ThreadGroup: 1 : Scenario 2 medium image
2018-01-05 18:03:11,009 INFO o.a.j.e.StandardJMeterEngine: Starting 1 threads for group Scenario 2 medium image.
2018-01-05 18:03:11,009 INFO o.a.j.e.StandardJMeterEngine: Thread will continue on error
2018-01-05 18:03:11,009 INFO o.a.j.t.ThreadGroup: Starting thread group... number=1 threads=1 ramp-up=5 perThread=5000.0 delayedStart=false
2018-01-05 18:03:11,012 INFO o.a.j.t.ThreadGroup: Started thread group number 1
2018-01-05 18:03:11,012 INFO o.a.j.e.StandardJMeterEngine: All thread groups have been started
2018-01-05 18:03:11,417 INFO o.a.j.t.JMeterThread: Thread started: Scenario 2 medium image 1-1
2018-01-05 18:03:11,433 INFO o.a.j.p.h.s.HTTPHCAbstractImpl: Local host = Mariusz-Sz-MacBook-Pro.local
2018-01-05 18:03:11,437 INFO o.a.j.p.h.s.HTTPHC4Impl: HTTP request retry count = 0
2018-01-05 18:03:11,443 INFO o.a.j.s.SampleResult: Note: Sample TimeStamps are START times
2018-01-05 18:03:11,444 INFO o.a.j.s.SampleResult: sampleresult.default.encoding is set to ISO-8859-1
2018-01-05 18:03:11,444 INFO o.a.j.s.SampleResult: sampleresult.useNanoTime=true
2018-01-05 18:03:11,444 INFO o.a.j.s.SampleResult: sampleresult.nanoThreadSleep=5000
2018-01-05 18:03:11,465 INFO o.a.j.s.FileServer: Stored: images/Ball.jpg
2018-01-05 18:03:18,580 INFO o.a.j.t.JMeterThread: Thread is done: Scenario 2 medium image 1-1
2018-01-05 18:03:18,580 INFO o.a.j.t.JMeterThread: Thread finished: Scenario 2 medium image 1-1
2018-01-05 18:03:18,581 INFO o.a.j.e.StandardJMeterEngine: Notifying test listeners of end of test
2018-01-05 18:03:18,582 INFO o.a.j.r.Summariser: summary =      4 in 00:00:08 =    0.5/s Avg:  1776 Min:   447 Max:  3089 Err:     0 (0.00%)
